open source     > 1 > 1 > /usr/local/texlive/2014/texmf-dist/tex/context/base/cont-yes.mkiv

ConTeXt  ver: 2014.05.21 22:04 MKIV beta  fmt: 2016.5.1  int: english/english

system          > 'cont-new.mkiv' loaded
open source     > 2 > 2 > /usr/local/texlive/2014/texmf-dist/tex/context/base/cont-new.mkiv
close source    > 2 > 2 > /usr/local/texlive/2014/texmf-dist/tex/context/base/cont-new.mkiv
system          > files > jobname 'coverLetter', input './coverLetter', result 'coverLetter'
fonts           > latin modern fonts are not preloaded
languages       > language 'en' is active
open source     > 2 > 3 > /Users/coryrobinson/Resume/pandoc-resume/tmp/coverLetter.tex
colors          > defining > unknown library 'hex'
fonts           > typescripts > unknown library 'arial'
fonts           > preloading latin modern fonts (third stage)
fonts           > 'fallback modern-designsize rm 12pt' is loaded
setup           > error in line 55, namespace 'itemgroup', instance 'itemize', key 'autointro'
setup           > error in line 55, namespace 'itemgroup', instance 'itemize', key 'packed'
structure       > sectioning > section @ level 3 : 0.0.1 -> Cory Robinson
backend         > xmp > using file '/usr/local/texlive/2014/texmf-dist/tex/context/base/lpdf-pdx.xml'
pages           > flushing realpage 1, userpage 1
close source    > 2 > 3 > /Users/coryrobinson/Resume/pandoc-resume/tmp/coverLetter.tex
close source    > 1 > 3 > /usr/local/texlive/2014/texmf-dist/tex/context/base/cont-yes.mkiv

system          > structure > start used structure

used structure  > text: coverLetter

system          > structure > stop used structure


system          > files > start used files

used file       >    1: filename=cont-yes.mkiv filetype=tex foundname=/usr/local/texlive/2014/texmf-dist/tex/context/base/cont-yes.mkiv usedmethod=database
used file       >    2: filename=cont-new.mkiv filetype=tex foundname=/usr/local/texlive/2014/texmf-dist/tex/context/base/cont-new.mkiv usedmethod=database
used file       >    3: filename=lang-us.lua filetype=scripts foundname=/usr/local/texlive/2014/texmf-dist/tex/context/patterns/lang-us.lua usedmethod=database
used file       >    4: filename=/Users/coryrobinson/Resume/pandoc-resume/tmp/coverLetter.tex foundname=/Users/coryrobinson/Resume/pandoc-resume/tmp/coverLetter.tex usedmethod=direct
used file       >    5: filename=lm.lfg filetype=tex foundname=/usr/local/texlive/2014/texmf-dist/tex/context/fonts/lm.lfg usedmethod=database
used file       >    6: filename=lmroman12-regular filetype=otf format=otf foundname=/usr/local/texlive/2014/texmf-dist/fonts/opentype/public/lm/lmroman12-regular.otf usedmethod=database
used file       >    7: filename=latinmodern-math.otf filetype=opentypefonts foundname=/usr/local/texlive/2014/texmf-dist/fonts/opentype/public/lm-math/latinmodern-math.otf usedmethod=database
used file       >    8: filename=latinmodern-math.otf filetype=otf format=otf foundname=/usr/local/texlive/2014/texmf-dist/fonts/opentype/public/lm-math/latinmodern-math.otf usedmethod=database
used file       >    9: filename=lmroman10-regular filetype=otf format=otf foundname=/usr/local/texlive/2014/texmf-dist/fonts/opentype/public/lm/lmroman10-regular.otf usedmethod=database
used file       >   10: filename=lmroman12-bold filetype=otf format=otf foundname=/usr/local/texlive/2014/texmf-dist/fonts/opentype/public/lm/lmroman12-bold.otf usedmethod=database
used file       >   11: filename=lmmonolt10-bold filetype=otf format=otf foundname=/usr/local/texlive/2014/texmf-dist/fonts/opentype/public/lm/lmmonolt10-bold.otf usedmethod=database
used file       >   12: filename=lpdf-pdx.xml filetype=tex foundname=/usr/local/texlive/2014/texmf-dist/tex/context/base/lpdf-pdx.xml usedmethod=database

system          > files > stop used files


system          > options > start commandline options

used option     > currentrun="1"
used option     > fulljobname="./coverLetter.tex"
used option     > input="./coverLetter.tex"
used option     > kindofrun="1"
used option     > maxnofruns="8"
used option     > no-parse-first-line="true"

system          > options > stop commandline options

system          > options > start commandline files

used file       >    1: ./coverLetter.tex

system          > options > stop commandline files


mkiv lua stats  > used config file: selfautoparent:/texmfcnf.lua;selfautoparent:/texmf-dist/web2c/texmfcnf.lua
mkiv lua stats  > used cache path: readable: '/usr/local/texlive/2014/texmf-var/luatex-cache/context/a86c089b384a3076dc514ba966a1fac9' | readable+writable: '/Users/coryrobinson/Library/texlive/2014/texmf-var/luatex-cache/context/a86c089b384a3076dc514ba966a1fac9'
mkiv lua stats  > resource resolver: loadtime 0.224 seconds, 3 scans with scantime 0.037 seconds, 0 shared scans, 12 found files, scanned paths: /Library/Fonts /System/Library/Fonts /Users/coryrobinson/Library/Fonts
mkiv lua stats  > stored bytecode data: 350 modules (0.353 sec), 69 tables (0.005 sec), 419 chunks (0.358 sec)
mkiv lua stats  > running in nuts mode: yes
mkiv lua stats  > cleaned up reserved nodes: 50 nodes, 443 lists of 442
mkiv lua stats  > node memory usage: 2 glue, 2 penalty, 12 attribute, 29 glue_spec, 3 attribute_list, 2 temp
mkiv lua stats  > node list callback tasks: 6 unique task lists, 5 instances (re)created, 128 calls
mkiv lua stats  > h-node processing time: 0.013 seconds including kernel
mkiv lua stats  > used backend: pdf (backend for directly generating pdf output)
mkiv lua stats  > v-node processing time: 0.013 seconds 
mkiv lua stats  > loaded patterns: en::2, load time: 0.000
mkiv lua stats  > jobdata time: 0.002 seconds saving, 0.001 seconds loading
mkiv lua stats  > callbacks: 254 direct, 310 indirect, 564 total
mkiv lua stats  > randomizer: resumed with value 0.003860427999804
mkiv lua stats  > interactive elements: 2 references, 1 destinations
mkiv lua stats  > result saved in file: coverLetter.pdf, compresslevel 3, objectcompresslevel 3
mkiv lua stats  > loaded fonts: 5 files: latinmodern-math.otf, lmmonolt10-bold.otf, lmroman10-regular.otf, lmroman12-bold.otf, lmroman12-regular.otf
mkiv lua stats  > fonts load time: 0.357 seconds for 7 fonts, 1 shared in backend, 1 common vectors, 0 common hashes
mkiv lua stats  > pdf annotations: 2 links (2 unique), 0 special
mkiv lua stats  > used platform: osx-64, type: unix, binary subtree: bin
mkiv lua stats  > luatex banner: this is luatex, version beta-0.79.1 (tex live 2014) (rev 4971)
mkiv lua stats  > control sequences: 38782 of 65536 + 100000
mkiv lua stats  > lua properties: engine: lua, used memory: 76 MB (ctx: 76 MB), hash type: lua, hash chars: min(64,40), symbol mask: utf (τεχ)
mkiv lua stats  > runtime: 1.186 seconds, 1 processed pages, 1 shipped pages, 0.843 pages/second

